CRITICAL - 2021-11-26 12:41:01 --> syntax error, unexpected token ";", expecting "]"
#0 C:\xampp\htdocs\codeigniter4-multi-languages\system\Language\Language.php(223): CodeIgniter\Language\Language->requireFile('Language/ur/app...')
#1 C:\xampp\htdocs\codeigniter4-multi-languages\system\Language\Language.php(164): CodeIgniter\Language\Language->load('app', 'ur')
#2 C:\xampp\htdocs\codeigniter4-multi-languages\system\Language\Language.php(99): CodeIgniter\Language\Language->parseLine('msg', 'ur')
#3 C:\xampp\htdocs\codeigniter4-multi-languages\system\Common.php(724): CodeIgniter\Language\Language->getLine('app.msg', Array)
#4 C:\xampp\htdocs\codeigniter4-multi-languages\app\Views\welcome_message.php(9): lang('app.msg')
#5 C:\xampp\htdocs\codeigniter4-multi-languages\system\View\View.php(214): include('C:\\xampp\\htdocs...')
#6 C:\xampp\htdocs\codeigniter4-multi-languages\system\View\View.php(217): CodeIgniter\View\View->CodeIgniter\View\{closure}()
#7 C:\xampp\htdocs\codeigniter4-multi-languages\system\Common.php(1097): CodeIgniter\View\View->render('welcome_message', Array, true)
#8 C:\xampp\htdocs\codeigniter4-multi-languages\app\Controllers\Home.php(6): view('welcome_message')
#9 C:\xampp\htdocs\codeigniter4-multi-languages\system\CodeIgniter.php(824): App\Controllers\Home->index()
#10 C:\xampp\htdocs\codeigniter4-multi-languages\system\CodeIgniter.php(410): CodeIgniter\CodeIgniter->runController(Object(App\Controllers\Home))
#11 C:\xampp\htdocs\codeigniter4-multi-languages\system\CodeIgniter.php(318): CodeIgniter\CodeIgniter->handleRequest(NULL, Object(Config\Cache), false)
#12 C:\xampp\htdocs\codeigniter4-multi-languages\index.php(37): CodeIgniter\CodeIgniter->run()
#13 {main}
CRITICAL - 2021-11-26 12:41:56 --> syntax error, unexpected token ";", expecting "]"
#0 C:\xampp\htdocs\codeigniter4-multi-languages\system\Language\Language.php(223): CodeIgniter\Language\Language->requireFile('Language/ur/app...')
#1 C:\xampp\htdocs\codeigniter4-multi-languages\system\Language\Language.php(164): CodeIgniter\Language\Language->load('app', 'ur')
#2 C:\xampp\htdocs\codeigniter4-multi-languages\system\Language\Language.php(99): CodeIgniter\Language\Language->parseLine('msg', 'ur')
#3 C:\xampp\htdocs\codeigniter4-multi-languages\system\Common.php(724): CodeIgniter\Language\Language->getLine('app.msg', Array)
#4 C:\xampp\htdocs\codeigniter4-multi-languages\app\Views\welcome_message.php(9): lang('app.msg')
#5 C:\xampp\htdocs\codeigniter4-multi-languages\system\View\View.php(214): include('C:\\xampp\\htdocs...')
#6 C:\xampp\htdocs\codeigniter4-multi-languages\system\View\View.php(217): CodeIgniter\View\View->CodeIgniter\View\{closure}()
#7 C:\xampp\htdocs\codeigniter4-multi-languages\system\Common.php(1097): CodeIgniter\View\View->render('welcome_message', Array, true)
#8 C:\xampp\htdocs\codeigniter4-multi-languages\app\Controllers\Home.php(6): view('welcome_message')
#9 C:\xampp\htdocs\codeigniter4-multi-languages\system\CodeIgniter.php(824): App\Controllers\Home->index()
#10 C:\xampp\htdocs\codeigniter4-multi-languages\system\CodeIgniter.php(410): CodeIgniter\CodeIgniter->runController(Object(App\Controllers\Home))
#11 C:\xampp\htdocs\codeigniter4-multi-languages\system\CodeIgniter.php(318): CodeIgniter\CodeIgniter->handleRequest(NULL, Object(Config\Cache), false)
#12 C:\xampp\htdocs\codeigniter4-multi-languages\index.php(37): CodeIgniter\CodeIgniter->run()
#13 {main}
CRITICAL - 2021-11-26 12:42:02 --> syntax error, unexpected token ";", expecting "]"
#0 C:\xampp\htdocs\codeigniter4-multi-languages\system\Language\Language.php(223): CodeIgniter\Language\Language->requireFile('Language/ur/app...')
#1 C:\xampp\htdocs\codeigniter4-multi-languages\system\Language\Language.php(164): CodeIgniter\Language\Language->load('app', 'ur')
#2 C:\xampp\htdocs\codeigniter4-multi-languages\system\Language\Language.php(99): CodeIgniter\Language\Language->parseLine('msg', 'ur')
#3 C:\xampp\htdocs\codeigniter4-multi-languages\system\Common.php(724): CodeIgniter\Language\Language->getLine('app.msg', Array)
#4 C:\xampp\htdocs\codeigniter4-multi-languages\app\Views\welcome_message.php(9): lang('app.msg')
#5 C:\xampp\htdocs\codeigniter4-multi-languages\system\View\View.php(214): include('C:\\xampp\\htdocs...')
#6 C:\xampp\htdocs\codeigniter4-multi-languages\system\View\View.php(217): CodeIgniter\View\View->CodeIgniter\View\{closure}()
#7 C:\xampp\htdocs\codeigniter4-multi-languages\system\Common.php(1097): CodeIgniter\View\View->render('welcome_message', Array, true)
#8 C:\xampp\htdocs\codeigniter4-multi-languages\app\Controllers\Home.php(6): view('welcome_message')
#9 C:\xampp\htdocs\codeigniter4-multi-languages\system\CodeIgniter.php(824): App\Controllers\Home->index()
#10 C:\xampp\htdocs\codeigniter4-multi-languages\system\CodeIgniter.php(410): CodeIgniter\CodeIgniter->runController(Object(App\Controllers\Home))
#11 C:\xampp\htdocs\codeigniter4-multi-languages\system\CodeIgniter.php(318): CodeIgniter\CodeIgniter->handleRequest(NULL, Object(Config\Cache), false)
#12 C:\xampp\htdocs\codeigniter4-multi-languages\index.php(37): CodeIgniter\CodeIgniter->run()
#13 {main}
CRITICAL - 2021-11-26 12:42:27 --> syntax error, unexpected token ";", expecting "]"
#0 C:\xampp\htdocs\codeigniter4-multi-languages\system\Language\Language.php(223): CodeIgniter\Language\Language->requireFile('Language/ur/app...')
#1 C:\xampp\htdocs\codeigniter4-multi-languages\system\Language\Language.php(164): CodeIgniter\Language\Language->load('app', 'ur')
#2 C:\xampp\htdocs\codeigniter4-multi-languages\system\Language\Language.php(99): CodeIgniter\Language\Language->parseLine('msg', 'ur')
#3 C:\xampp\htdocs\codeigniter4-multi-languages\system\Common.php(724): CodeIgniter\Language\Language->getLine('app.msg', Array)
#4 C:\xampp\htdocs\codeigniter4-multi-languages\app\Views\welcome_message.php(9): lang('app.msg')
#5 C:\xampp\htdocs\codeigniter4-multi-languages\system\View\View.php(214): include('C:\\xampp\\htdocs...')
#6 C:\xampp\htdocs\codeigniter4-multi-languages\system\View\View.php(217): CodeIgniter\View\View->CodeIgniter\View\{closure}()
#7 C:\xampp\htdocs\codeigniter4-multi-languages\system\Common.php(1097): CodeIgniter\View\View->render('welcome_message', Array, true)
#8 C:\xampp\htdocs\codeigniter4-multi-languages\app\Controllers\Home.php(6): view('welcome_message')
#9 C:\xampp\htdocs\codeigniter4-multi-languages\system\CodeIgniter.php(824): App\Controllers\Home->index()
#10 C:\xampp\htdocs\codeigniter4-multi-languages\system\CodeIgniter.php(410): CodeIgniter\CodeIgniter->runController(Object(App\Controllers\Home))
#11 C:\xampp\htdocs\codeigniter4-multi-languages\system\CodeIgniter.php(318): CodeIgniter\CodeIgniter->handleRequest(NULL, Object(Config\Cache), false)
#12 C:\xampp\htdocs\codeigniter4-multi-languages\index.php(37): CodeIgniter\CodeIgniter->run()
#13 {main}
CRITICAL - 2021-11-26 12:42:28 --> syntax error, unexpected token ";", expecting "]"
#0 C:\xampp\htdocs\codeigniter4-multi-languages\system\Language\Language.php(223): CodeIgniter\Language\Language->requireFile('Language/ur/app...')
#1 C:\xampp\htdocs\codeigniter4-multi-languages\system\Language\Language.php(164): CodeIgniter\Language\Language->load('app', 'ur')
#2 C:\xampp\htdocs\codeigniter4-multi-languages\system\Language\Language.php(99): CodeIgniter\Language\Language->parseLine('msg', 'ur')
#3 C:\xampp\htdocs\codeigniter4-multi-languages\system\Common.php(724): CodeIgniter\Language\Language->getLine('app.msg', Array)
#4 C:\xampp\htdocs\codeigniter4-multi-languages\app\Views\welcome_message.php(9): lang('app.msg')
#5 C:\xampp\htdocs\codeigniter4-multi-languages\system\View\View.php(214): include('C:\\xampp\\htdocs...')
#6 C:\xampp\htdocs\codeigniter4-multi-languages\system\View\View.php(217): CodeIgniter\View\View->CodeIgniter\View\{closure}()
#7 C:\xampp\htdocs\codeigniter4-multi-languages\system\Common.php(1097): CodeIgniter\View\View->render('welcome_message', Array, true)
#8 C:\xampp\htdocs\codeigniter4-multi-languages\app\Controllers\Home.php(6): view('welcome_message')
#9 C:\xampp\htdocs\codeigniter4-multi-languages\system\CodeIgniter.php(824): App\Controllers\Home->index()
#10 C:\xampp\htdocs\codeigniter4-multi-languages\system\CodeIgniter.php(410): CodeIgniter\CodeIgniter->runController(Object(App\Controllers\Home))
#11 C:\xampp\htdocs\codeigniter4-multi-languages\system\CodeIgniter.php(318): CodeIgniter\CodeIgniter->handleRequest(NULL, Object(Config\Cache), false)
#12 C:\xampp\htdocs\codeigniter4-multi-languages\index.php(37): CodeIgniter\CodeIgniter->run()
#13 {main}
